<?xml version="1.0" encoding="UTF-8"?>
<!-- Generated by org.testng.reporters.JUnitReportReporter -->
<testsuite hostname="ATMECSINDT-016" name="com.atmecs.shoptools.testscript2.ShopPageValidation" tests="1" failures="0" timestamp="28 Aug 2019 13:53:22 GMT" time="3.583" errors="0">
  <testcase name="shopPageValidation" time="3.583" classname="com.atmecs.shoptools.testscript2.ShopPageValidation"/>
</testsuite> <!-- com.atmecs.shoptools.testscript2.ShopPageValidation -->
