<?xml version="1.0" encoding="UTF-8"?>
<!-- Generated by org.testng.reporters.JUnitReportReporter -->
<testsuite hostname="ATMECSINDT-016" name="com.atmecs.shoptools.testscript1.ProductValidationPage" tests="1" failures="0" timestamp="28 Aug 2019 14:01:11 GMT" time="0.977" errors="0">
  <testcase name="productValidation" time="0.977" classname="com.atmecs.shoptools.testscript1.ProductValidationPage"/>
</testsuite> <!-- com.atmecs.shoptools.testscript1.ProductValidationPage -->
