<?xml version="1.0" encoding="UTF-8"?>
<!-- Generated by org.testng.reporters.JUnitReportReporter -->
<testsuite hostname="ATMECSINDT-016" name="com.atmecs.homepagevalidation.HomePageValidation" tests="1" failures="0" timestamp="25 Aug 2019 12:44:58 GMT" time="13.944" errors="0">
  <testcase name="homepage" time="13.944" classname="com.atmecs.homepagevalidation.HomePageValidation"/>
</testsuite> <!-- com.atmecs.homepagevalidation.HomePageValidation -->
