<?xml version="1.0" encoding="UTF-8"?>
<!-- Generated by org.testng.reporters.JUnitReportReporter -->
<testsuite hostname="ATMECSINDT-016" name="com.atmecs.shoptools.testscript3.ShopPageSortValidation" tests="1" failures="0" timestamp="28 Aug 2019 13:59:59 GMT" time="3.878" errors="0">
  <testcase name="shopPageSorting" time="3.878" classname="com.atmecs.shoptools.testscript3.ShopPageSortValidation"/>
</testsuite> <!-- com.atmecs.shoptools.testscript3.ShopPageSortValidation -->
