<?xml version="1.0" encoding="UTF-8"?>
<!-- Generated by org.testng.reporters.JUnitReportReporter -->
<testsuite hostname="ATMECSINDT-016" name="com.atmecs.shoptools.testscripts2.DemoqaOrderingPageBySearch" tests="1" failures="0" timestamp="28 Aug 2019 04:23:18 GMT" time="20.325" errors="0">
  <testcase name="bysearch" time="20.325" classname="com.atmecs.shoptools.testscripts2.DemoqaOrderingPageBySearch"/>
</testsuite> <!-- com.atmecs.shoptools.testscripts2.DemoqaOrderingPageBySearch -->
